# JRE version: OpenJDK Runtime Environment (8.0_202-b03) (build 1.8.0_202-release-1483-b03)
# Java VM: OpenJDK 64-Bit Server VM (25.202-b03 mixed mode windows-amd64 compressed oops)
Heap:
 PSYoungGen      total 342528K, used 47735K [0x00000000e0000000, 0x00000000fbd80000, 0x0000000100000000)
  eden space 299008K, 6% used [0x00000000e0000000,0x00000000e11f8e60,0x00000000f2400000)
  from space 43520K, 67% used [0x00000000f9300000,0x00000000fafa5000,0x00000000fbd80000)
  to   space 27648K, 0% used [0x00000000f2400000,0x00000000f2400000,0x00000000f3f00000)
 ParOldGen       total 118272K, used 88858K [0x00000000a0000000, 0x00000000a7380000, 0x00000000e0000000)
  object space 118272K, 75% used [0x00000000a0000000,0x00000000a56c6958,0x00000000a7380000)
 Metaspace       used 73038K, capacity 76112K, committed 76288K, reserved 1116160K
  class space    used 9800K, capacity 10385K, committed 10496K, reserved 1048576K
GC Heap History (10 events):
Event: 36.855 GC heap before
{Heap before GC invocations=21 (full 3):
 PSYoungGen      total 285696K, used 270601K [0x00000000e0000000, 0x00000000f5980000, 0x0000000100000000)
  eden space 257536K, 100% used [0x00000000e0000000,0x00000000efb80000,0x00000000efb80000)
  from space 28160K, 46% used [0x00000000efb80000,0x00000000f0842438,0x00000000f1700000)
  to   space 27136K, 0% used [0x00000000f3f00000,0x00000000f3f00000,0x00000000f5980000)
 ParOldGen       total 118272K, used 65446K [0x00000000a0000000, 0x00000000a7380000, 0x00000000e0000000)
  object space 118272K, 55% used [0x00000000a0000000,0x00000000a3fe9a30,0x00000000a7380000)
 Metaspace       used 72714K, capacity 75784K, committed 76032K, reserved 1114112K
  class space    used 9791K, capacity 10377K, committed 10496K, reserved 1048576K
Event: 36.887 GC heap after
Heap after GC invocations=21 (full 3):
 PSYoungGen      total 326144K, used 17058K [0x00000000e0000000, 0x00000000f5c80000, 0x0000000100000000)
  eden space 299008K, 0% used [0x00000000e0000000,0x00000000e0000000,0x00000000f2400000)
  from space 27136K, 62% used [0x00000000f3f00000,0x00000000f4fa89a8,0x00000000f5980000)
  to   space 27648K, 0% used [0x00000000f2400000,0x00000000f2400000,0x00000000f3f00000)
 ParOldGen       total 118272K, used 65454K [0x00000000a0000000, 0x00000000a7380000, 0x00000000e0000000)
  object space 118272K, 55% used [0x00000000a0000000,0x00000000a3feba30,0x00000000a7380000)
 Metaspace       used 72714K, capacity 75784K, committed 76032K, reserved 1114112K
  class space    used 9791K, capacity 10377K, committed 10496K, reserved 1048576K
}
Event: 38.355 GC heap before
{Heap before GC invocations=22 (full 3):
 PSYoungGen      total 326144K, used 316066K [0x00000000e0000000, 0x00000000f5c80000, 0x0000000100000000)
  eden space 299008K, 100% used [0x00000000e0000000,0x00000000f2400000,0x00000000f2400000)
  from space 27136K, 62% used [0x00000000f3f00000,0x00000000f4fa89a8,0x00000000f5980000)
  to   space 27648K, 0% used [0x00000000f2400000,0x00000000f2400000,0x00000000f3f00000)
 ParOldGen       total 118272K, used 65454K [0x00000000a0000000, 0x00000000a7380000, 0x00000000e0000000)
  object space 118272K, 55% used [0x00000000a0000000,0x00000000a3feba30,0x00000000a7380000)
 Metaspace       used 72804K, capacity 75928K, committed 76288K, reserved 1116160K
  class space    used 9791K, capacity 10377K, committed 10496K, reserved 1048576K
Event: 38.418 GC heap after
Heap after GC invocations=22 (full 3):
 PSYoungGen      total 326656K, used 25102K [0x00000000e0000000, 0x00000000f9880000, 0x0000000100000000)
  eden space 299008K, 0% used [0x00000000e0000000,0x00000000e0000000,0x00000000f2400000)
  from space 27648K, 90% used [0x00000000f2400000,0x00000000f3c83a48,0x00000000f3f00000)
  to   space 30720K, 0% used [0x00000000f7a80000,0x00000000f7a80000,0x00000000f9880000)
 ParOldGen       total 118272K, used 65462K [0x00000000a0000000, 0x00000000a7380000, 0x00000000e0000000)
  object space 118272K, 55% used [0x00000000a0000000,0x00000000a3feda30,0x00000000a7380000)
 Metaspace       used 72804K, capacity 75928K, committed 76288K, reserved 1116160K
  class space    used 9791K, capacity 10377K, committed 10496K, reserved 1048576K
}
Event: 39.873 GC heap before
{Heap before GC invocations=23 (full 3):
 PSYoungGen      total 326656K, used 324110K [0x00000000e0000000, 0x00000000f9880000, 0x0000000100000000)
  eden space 299008K, 100% used [0x00000000e0000000,0x00000000f2400000,0x00000000f2400000)
  from space 27648K, 90% used [0x00000000f2400000,0x00000000f3c83a48,0x00000000f3f00000)
  to   space 30720K, 0% used [0x00000000f7a80000,0x00000000f7a80000,0x00000000f9880000)
 ParOldGen       total 118272K, used 65462K [0x00000000a0000000, 0x00000000a7380000, 0x00000000e0000000)
  object space 118272K, 55% used [0x00000000a0000000,0x00000000a3feda30,0x00000000a7380000)
 Metaspace       used 72941K, capacity 76010K, committed 76288K, reserved 1116160K
  class space    used 9794K, capacity 10380K, committed 10496K, reserved 1048576K
Event: 39.965 GC heap after
Heap after GC invocations=23 (full 3):
 PSYoungGen      total 329728K, used 30695K [0x00000000e0000000, 0x00000000f9880000, 0x0000000100000000)
  eden space 299008K, 0% used [0x00000000e0000000,0x00000000e0000000,0x00000000f2400000)
  from space 30720K, 99% used [0x00000000f7a80000,0x00000000f9879c08,0x00000000f9880000)
  to   space 27648K, 0% used [0x00000000f2400000,0x00000000f2400000,0x00000000f3f00000)
 ParOldGen       total 118272K, used 74602K [0x00000000a0000000, 0x00000000a7380000, 0x00000000e0000000)
  object space 118272K, 63% used [0x00000000a0000000,0x00000000a48da8a8,0x00000000a7380000)
 Metaspace       used 72941K, capacity 76010K, committed 76288K, reserved 1116160K
  class space    used 9794K, capacity 10380K, committed 10496K, reserved 1048576K
}
Event: 41.440 GC heap before
{Heap before GC invocations=24 (full 3):
 PSYoungGen      total 329728K, used 329703K [0x00000000e0000000, 0x00000000f9880000, 0x0000000100000000)
  eden space 299008K, 100% used [0x00000000e0000000,0x00000000f2400000,0x00000000f2400000)
  from space 30720K, 99% used [0x00000000f7a80000,0x00000000f9879c08,0x00000000f9880000)
  to   space 27648K, 0% used [0x00000000f2400000,0x00000000f2400000,0x00000000f3f00000)
 ParOldGen       total 118272K, used 74602K [0x00000000a0000000, 0x00000000a7380000, 0x00000000e0000000)
  object space 118272K, 63% used [0x00000000a0000000,0x00000000a48da8a8,0x00000000a7380000)
 Metaspace       used 72986K, capacity 76102K, committed 76288K, reserved 1116160K
  class space    used 9797K, capacity 10384K, committed 10496K, reserved 1048576K
Event: 41.514 GC heap after
Heap after GC invocations=24 (full 3):
 PSYoungGen      total 326656K, used 27628K [0x00000000e0000000, 0x00000000fbd80000, 0x0000000100000000)
  eden space 299008K, 0% used [0x00000000e0000000,0x00000000e0000000,0x00000000f2400000)
  from space 27648K, 99% used [0x00000000f2400000,0x00000000f3efb258,0x00000000f3f00000)
  to   space 43520K, 0% used [0x00000000f9300000,0x00000000f9300000,0x00000000fbd80000)
 ParOldGen       total 118272K, used 80800K [0x00000000a0000000, 0x00000000a7380000, 0x00000000e0000000)
  object space 118272K, 68% used [0x00000000a0000000,0x00000000a4ee81d8,0x00000000a7380000)
 Metaspace       used 72986K, capacity 76102K, committed 76288K, reserved 1116160K
  class space    used 9797K, capacity 10384K, committed 10496K, reserved 1048576K
}
Event: 43.163 GC heap before
{Heap before GC invocations=25 (full 3):
 PSYoungGen      total 326656K, used 326636K [0x00000000e0000000, 0x00000000fbd80000, 0x0000000100000000)
  eden space 299008K, 100% used [0x00000000e0000000,0x00000000f2400000,0x00000000f2400000)
  from space 27648K, 99% used [0x00000000f2400000,0x00000000f3efb258,0x00000000f3f00000)
  to   space 43520K, 0% used [0x00000000f9300000,0x00000000f9300000,0x00000000fbd80000)
 ParOldGen       total 118272K, used 80800K [0x00000000a0000000, 0x00000000a7380000, 0x00000000e0000000)
  object space 118272K, 68% used [0x00000000a0000000,0x00000000a4ee81d8,0x00000000a7380000)
 Metaspace       used 73035K, capacity 76108K, committed 76288K, reserved 1116160K
  class space    used 9800K, capacity 10385K, committed 10496K, reserved 1048576K
Event: 43.229 GC heap after
Heap after GC invocations=25 (full 3):
 PSYoungGen      total 342528K, used 29332K [0x00000000e0000000, 0x00000000fbd80000, 0x0000000100000000)
  eden space 299008K, 0% used [0x00000000e0000000,0x00000000e0000000,0x00000000f2400000)
  from space 43520K, 67% used [0x00000000f9300000,0x00000000fafa5000,0x00000000fbd80000)
  to   space 27648K, 0% used [0x00000000f2400000,0x00000000f2400000,0x00000000f3f00000)
 ParOldGen       total 118272K, used 88858K [0x00000000a0000000, 0x00000000a7380000, 0x00000000e0000000)
  object space 118272K, 75% used [0x00000000a0000000,0x00000000a56c6958,0x00000000a7380000)
 Metaspace       used 73035K, capacity 76108K, committed 76288K, reserved 1116160K
  class space    used 9800K, capacity 10385K, committed 10496K, reserved 1048576K
}

