# JRE version: OpenJDK Runtime Environment (8.0_202-b03) (build 1.8.0_202-release-1483-b03)
# Java VM: OpenJDK 64-Bit Server VM (25.202-b03 mixed mode windows-amd64 compressed oops)
Heap:
 PSYoungGen      total 282624K, used 173938K [0x00000000e0000000, 0x00000000f3000000, 0x0000000100000000)
  eden space 253952K, 66% used [0x00000000e0000000,0x00000000ea40bfb8,0x00000000ef800000)
  from space 28672K, 20% used [0x00000000ef800000,0x00000000efdd0998,0x00000000f1400000)
  to   space 26624K, 0% used [0x00000000f1600000,0x00000000f1600000,0x00000000f3000000)
 ParOldGen       total 155648K, used 75909K [0x00000000a0000000, 0x00000000a9800000, 0x00000000e0000000)
  object space 155648K, 48% used [0x00000000a0000000,0x00000000a4a216f8,0x00000000a9800000)
 Metaspace       used 102128K, capacity 106281K, committed 106688K, reserved 1142784K
  class space    used 12944K, capacity 13735K, committed 13864K, reserved 1048576K
GC Heap History (10 events):
Event: 2385.432 GC heap before
{Heap before GC invocations=35 (full 4):
 PSYoungGen      total 280576K, used 259507K [0x00000000e0000000, 0x00000000f3000000, 0x0000000100000000)
  eden space 253952K, 100% used [0x00000000e0000000,0x00000000ef800000,0x00000000ef800000)
  from space 26624K, 20% used [0x00000000f1600000,0x00000000f1b6cd38,0x00000000f3000000)
  to   space 28672K, 0% used [0x00000000ef800000,0x00000000ef800000,0x00000000f1400000)
 ParOldGen       total 155648K, used 60910K [0x00000000a0000000, 0x00000000a9800000, 0x00000000e0000000)
  object space 155648K, 39% used [0x00000000a0000000,0x00000000a3b7bab8,0x00000000a9800000)
 Metaspace       used 101733K, capacity 105803K, committed 106432K, reserved 1142784K
  class space    used 12926K, capacity 13696K, committed 13864K, reserved 1048576K
Event: 2385.488 GC heap after
Heap after GC invocations=35 (full 4):
 PSYoungGen      total 282624K, used 4712K [0x00000000e0000000, 0x00000000f3000000, 0x0000000100000000)
  eden space 253952K, 0% used [0x00000000e0000000,0x00000000e0000000,0x00000000ef800000)
  from space 28672K, 16% used [0x00000000ef800000,0x00000000efc9a380,0x00000000f1400000)
  to   space 26624K, 0% used [0x00000000f1600000,0x00000000f1600000,0x00000000f3000000)
 ParOldGen       total 155648K, used 60918K [0x00000000a0000000, 0x00000000a9800000, 0x00000000e0000000)
  object space 155648K, 39% used [0x00000000a0000000,0x00000000a3b7dab8,0x00000000a9800000)
 Metaspace       used 101733K, capacity 105803K, committed 106432K, reserved 1142784K
  class space    used 12926K, capacity 13696K, committed 13864K, reserved 1048576K
}
Event: 2388.215 GC heap before
{Heap before GC invocations=36 (full 4):
 PSYoungGen      total 282624K, used 258664K [0x00000000e0000000, 0x00000000f3000000, 0x0000000100000000)
  eden space 253952K, 100% used [0x00000000e0000000,0x00000000ef800000,0x00000000ef800000)
  from space 28672K, 16% used [0x00000000ef800000,0x00000000efc9a380,0x00000000f1400000)
  to   space 26624K, 0% used [0x00000000f1600000,0x00000000f1600000,0x00000000f3000000)
 ParOldGen       total 155648K, used 60918K [0x00000000a0000000, 0x00000000a9800000, 0x00000000e0000000)
  object space 155648K, 39% used [0x00000000a0000000,0x00000000a3b7dab8,0x00000000a9800000)
 Metaspace       used 101962K, capacity 106129K, committed 106688K, reserved 1142784K
  class space    used 12943K, capacity 13735K, committed 13864K, reserved 1048576K
Event: 2388.259 GC heap after
Heap after GC invocations=36 (full 4):
 PSYoungGen      total 280576K, used 9032K [0x00000000e0000000, 0x00000000f3000000, 0x0000000100000000)
  eden space 253952K, 0% used [0x00000000e0000000,0x00000000e0000000,0x00000000ef800000)
  from space 26624K, 33% used [0x00000000f1600000,0x00000000f1ed2088,0x00000000f3000000)
  to   space 28672K, 0% used [0x00000000ef800000,0x00000000ef800000,0x00000000f1400000)
 ParOldGen       total 155648K, used 63285K [0x00000000a0000000, 0x00000000a9800000, 0x00000000e0000000)
  object space 155648K, 40% used [0x00000000a0000000,0x00000000a3dcd718,0x00000000a9800000)
 Metaspace       used 101962K, capacity 106129K, committed 106688K, reserved 1142784K
  class space    used 12943K, capacity 13735K, committed 13864K, reserved 1048576K
}
Event: 2390.584 GC heap before
{Heap before GC invocations=37 (full 4):
 PSYoungGen      total 280576K, used 262984K [0x00000000e0000000, 0x00000000f3000000, 0x0000000100000000)
  eden space 253952K, 100% used [0x00000000e0000000,0x00000000ef800000,0x00000000ef800000)
  from space 26624K, 33% used [0x00000000f1600000,0x00000000f1ed2088,0x00000000f3000000)
  to   space 28672K, 0% used [0x00000000ef800000,0x00000000ef800000,0x00000000f1400000)
 ParOldGen       total 155648K, used 63285K [0x00000000a0000000, 0x00000000a9800000, 0x00000000e0000000)
  object space 155648K, 40% used [0x00000000a0000000,0x00000000a3dcd718,0x00000000a9800000)
 Metaspace       used 102002K, capacity 106137K, committed 106688K, reserved 1142784K
  class space    used 12943K, capacity 13735K, committed 13864K, reserved 1048576K
Event: 2390.630 GC heap after
Heap after GC invocations=37 (full 4):
 PSYoungGen      total 282624K, used 3155K [0x00000000e0000000, 0x00000000f3000000, 0x0000000100000000)
  eden space 253952K, 0% used [0x00000000e0000000,0x00000000e0000000,0x00000000ef800000)
  from space 28672K, 11% used [0x00000000ef800000,0x00000000efb14c20,0x00000000f1400000)
  to   space 26624K, 0% used [0x00000000f1600000,0x00000000f1600000,0x00000000f3000000)
 ParOldGen       total 155648K, used 70761K [0x00000000a0000000, 0x00000000a9800000, 0x00000000e0000000)
  object space 155648K, 45% used [0x00000000a0000000,0x00000000a451a438,0x00000000a9800000)
 Metaspace       used 102002K, capacity 106137K, committed 106688K, reserved 1142784K
  class space    used 12943K, capacity 13735K, committed 13864K, reserved 1048576K
}
Event: 2392.385 GC heap before
{Heap before GC invocations=38 (full 4):
 PSYoungGen      total 282624K, used 257107K [0x00000000e0000000, 0x00000000f3000000, 0x0000000100000000)
  eden space 253952K, 100% used [0x00000000e0000000,0x00000000ef800000,0x00000000ef800000)
  from space 28672K, 11% used [0x00000000ef800000,0x00000000efb14c20,0x00000000f1400000)
  to   space 26624K, 0% used [0x00000000f1600000,0x00000000f1600000,0x00000000f3000000)
 ParOldGen       total 155648K, used 70761K [0x00000000a0000000, 0x00000000a9800000, 0x00000000e0000000)
  object space 155648K, 45% used [0x00000000a0000000,0x00000000a451a438,0x00000000a9800000)
 Metaspace       used 102036K, capacity 106209K, committed 106688K, reserved 1142784K
  class space    used 12943K, capacity 13735K, committed 13864K, reserved 1048576K
Event: 2392.400 GC heap after
Heap after GC invocations=38 (full 4):
 PSYoungGen      total 280576K, used 4256K [0x00000000e0000000, 0x00000000f3000000, 0x0000000100000000)
  eden space 253952K, 0% used [0x00000000e0000000,0x00000000e0000000,0x00000000ef800000)
  from space 26624K, 15% used [0x00000000f1600000,0x00000000f1a28328,0x00000000f3000000)
  to   space 28672K, 0% used [0x00000000ef800000,0x00000000ef800000,0x00000000f1400000)
 ParOldGen       total 155648K, used 72045K [0x00000000a0000000, 0x00000000a9800000, 0x00000000e0000000)
  object space 155648K, 46% used [0x00000000a0000000,0x00000000a465b430,0x00000000a9800000)
 Metaspace       used 102036K, capacity 106209K, committed 106688K, reserved 1142784K
  class space    used 12943K, capacity 13735K, committed 13864K, reserved 1048576K
}
Event: 2393.836 GC heap before
{Heap before GC invocations=39 (full 4):
 PSYoungGen      total 280576K, used 258208K [0x00000000e0000000, 0x00000000f3000000, 0x0000000100000000)
  eden space 253952K, 100% used [0x00000000e0000000,0x00000000ef800000,0x00000000ef800000)
  from space 26624K, 15% used [0x00000000f1600000,0x00000000f1a28328,0x00000000f3000000)
  to   space 28672K, 0% used [0x00000000ef800000,0x00000000ef800000,0x00000000f1400000)
 ParOldGen       total 155648K, used 72045K [0x00000000a0000000, 0x00000000a9800000, 0x00000000e0000000)
  object space 155648K, 46% used [0x00000000a0000000,0x00000000a465b430,0x00000000a9800000)
 Metaspace       used 102052K, capacity 106213K, committed 106688K, reserved 1142784K
  class space    used 12944K, capacity 13735K, committed 13864K, reserved 1048576K
Event: 2393.870 GC heap after
Heap after GC invocations=39 (full 4):
 PSYoungGen      total 282624K, used 5954K [0x00000000e0000000, 0x00000000f3000000, 0x0000000100000000)
  eden space 253952K, 0% used [0x00000000e0000000,0x00000000e0000000,0x00000000ef800000)
  from space 28672K, 20% used [0x00000000ef800000,0x00000000efdd0998,0x00000000f1400000)
  to   space 26624K, 0% used [0x00000000f1600000,0x00000000f1600000,0x00000000f3000000)
 ParOldGen       total 155648K, used 75909K [0x00000000a0000000, 0x00000000a9800000, 0x00000000e0000000)
  object space 155648K, 48% used [0x00000000a0000000,0x00000000a4a216f8,0x00000000a9800000)
 Metaspace       used 102052K, capacity 106213K, committed 106688K, reserved 1142784K
  class space    used 12944K, capacity 13735K, committed 13864K, reserved 1048576K
}

