# JRE version: OpenJDK Runtime Environment (8.0_202-b03) (build 1.8.0_202-release-1483-b03)
# Java VM: OpenJDK 64-Bit Server VM (25.202-b03 mixed mode windows-amd64 compressed oops)
Heap:
 PSYoungGen      total 394752K, used 81644K [0x00000000e0000000, 0x00000000fb480000, 0x0000000100000000)
  eden space 358400K, 14% used [0x00000000e0000000,0x00000000e336ada8,0x00000000f5e00000)
  from space 36352K, 79% used [0x00000000f8480000,0x00000000fa0d03c0,0x00000000fa800000)
  to   space 39424K, 0% used [0x00000000f5e00000,0x00000000f5e00000,0x00000000f8480000)
 ParOldGen       total 119296K, used 86196K [0x00000000a0000000, 0x00000000a7480000, 0x00000000e0000000)
  object space 119296K, 72% used [0x00000000a0000000,0x00000000a542d1d0,0x00000000a7480000)
 Metaspace       used 73477K, capacity 76680K, committed 76888K, reserved 1116160K
  class space    used 9876K, capacity 10523K, committed 10624K, reserved 1048576K
GC Heap History (10 events):
Event: 21.700 GC heap before
{Heap before GC invocations=19 (full 3):
 PSYoungGen      total 244736K, used 215235K [0x00000000e0000000, 0x00000000f4500000, 0x0000000100000000)
  eden space 208896K, 100% used [0x00000000e0000000,0x00000000ecc00000,0x00000000ecc00000)
  from space 35840K, 17% used [0x00000000ecc00000,0x00000000ed230d50,0x00000000eef00000)
  to   space 34816K, 0% used [0x00000000f2300000,0x00000000f2300000,0x00000000f4500000)
 ParOldGen       total 119296K, used 81036K [0x00000000a0000000, 0x00000000a7480000, 0x00000000e0000000)
  object space 119296K, 67% used [0x00000000a0000000,0x00000000a4f23170,0x00000000a7480000)
 Metaspace       used 72323K, capacity 75216K, committed 75352K, reserved 1114112K
  class space    used 9737K, capacity 10281K, committed 10368K, reserved 1048576K
Event: 21.718 GC heap after
Heap after GC invocations=19 (full 3):
 PSYoungGen      total 288768K, used 10352K [0x00000000e0000000, 0x00000000f3f00000, 0x0000000100000000)
  eden space 260096K, 0% used [0x00000000e0000000,0x00000000e0000000,0x00000000efe00000)
  from space 28672K, 36% used [0x00000000f2300000,0x00000000f2d1c0d8,0x00000000f3f00000)
  to   space 33280K, 0% used [0x00000000efe00000,0x00000000efe00000,0x00000000f1e80000)
 ParOldGen       total 119296K, used 81044K [0x00000000a0000000, 0x00000000a7480000, 0x00000000e0000000)
  object space 119296K, 67% used [0x00000000a0000000,0x00000000a4f25170,0x00000000a7480000)
 Metaspace       used 72323K, capacity 75216K, committed 75352K, reserved 1114112K
  class space    used 9737K, capacity 10281K, committed 10368K, reserved 1048576K
}
Event: 23.134 GC heap before
{Heap before GC invocations=20 (full 3):
 PSYoungGen      total 288768K, used 270448K [0x00000000e0000000, 0x00000000f3f00000, 0x0000000100000000)
  eden space 260096K, 100% used [0x00000000e0000000,0x00000000efe00000,0x00000000efe00000)
  from space 28672K, 36% used [0x00000000f2300000,0x00000000f2d1c0d8,0x00000000f3f00000)
  to   space 33280K, 0% used [0x00000000efe00000,0x00000000efe00000,0x00000000f1e80000)
 ParOldGen       total 119296K, used 81044K [0x00000000a0000000, 0x00000000a7480000, 0x00000000e0000000)
  object space 119296K, 67% used [0x00000000a0000000,0x00000000a4f25170,0x00000000a7480000)
 Metaspace       used 72786K, capacity 75864K, committed 75992K, reserved 1114112K
  class space    used 9803K, capacity 10391K, committed 10496K, reserved 1048576K
Event: 23.159 GC heap after
Heap after GC invocations=20 (full 3):
 PSYoungGen      total 293376K, used 13856K [0x00000000e0000000, 0x00000000f6500000, 0x0000000100000000)
  eden space 260096K, 0% used [0x00000000e0000000,0x00000000e0000000,0x00000000efe00000)
  from space 33280K, 41% used [0x00000000efe00000,0x00000000f0b88030,0x00000000f1e80000)
  to   space 31744K, 0% used [0x00000000f4600000,0x00000000f4600000,0x00000000f6500000)
 ParOldGen       total 119296K, used 81052K [0x00000000a0000000, 0x00000000a7480000, 0x00000000e0000000)
  object space 119296K, 67% used [0x00000000a0000000,0x00000000a4f27170,0x00000000a7480000)
 Metaspace       used 72786K, capacity 75864K, committed 75992K, reserved 1114112K
  class space    used 9803K, capacity 10391K, committed 10496K, reserved 1048576K
}
Event: 24.504 GC heap before
{Heap before GC invocations=21 (full 3):
 PSYoungGen      total 293376K, used 273952K [0x00000000e0000000, 0x00000000f6500000, 0x0000000100000000)
  eden space 260096K, 100% used [0x00000000e0000000,0x00000000efe00000,0x00000000efe00000)
  from space 33280K, 41% used [0x00000000efe00000,0x00000000f0b88030,0x00000000f1e80000)
  to   space 31744K, 0% used [0x00000000f4600000,0x00000000f4600000,0x00000000f6500000)
 ParOldGen       total 119296K, used 81052K [0x00000000a0000000, 0x00000000a7480000, 0x00000000e0000000)
  object space 119296K, 67% used [0x00000000a0000000,0x00000000a4f27170,0x00000000a7480000)
 Metaspace       used 73250K, capacity 76384K, committed 76632K, reserved 1116160K
  class space    used 9869K, capacity 10519K, committed 10624K, reserved 1048576K
Event: 24.549 GC heap after
Heap after GC invocations=21 (full 3):
 PSYoungGen      total 333312K, used 19816K [0x00000000e0000000, 0x00000000f6980000, 0x0000000100000000)
  eden space 301568K, 0% used [0x00000000e0000000,0x00000000e0000000,0x00000000f2680000)
  from space 31744K, 62% used [0x00000000f4600000,0x00000000f595a010,0x00000000f6500000)
  to   space 32256K, 0% used [0x00000000f2680000,0x00000000f2680000,0x00000000f4600000)
 ParOldGen       total 119296K, used 81060K [0x00000000a0000000, 0x00000000a7480000, 0x00000000e0000000)
  object space 119296K, 67% used [0x00000000a0000000,0x00000000a4f29170,0x00000000a7480000)
 Metaspace       used 73250K, capacity 76384K, committed 76632K, reserved 1116160K
  class space    used 9869K, capacity 10519K, committed 10624K, reserved 1048576K
}
Event: 25.987 GC heap before
{Heap before GC invocations=22 (full 3):
 PSYoungGen      total 333312K, used 321384K [0x00000000e0000000, 0x00000000f6980000, 0x0000000100000000)
  eden space 301568K, 100% used [0x00000000e0000000,0x00000000f2680000,0x00000000f2680000)
  from space 31744K, 62% used [0x00000000f4600000,0x00000000f595a010,0x00000000f6500000)
  to   space 32256K, 0% used [0x00000000f2680000,0x00000000f2680000,0x00000000f4600000)
 ParOldGen       total 119296K, used 81060K [0x00000000a0000000, 0x00000000a7480000, 0x00000000e0000000)
  object space 119296K, 67% used [0x00000000a0000000,0x00000000a4f29170,0x00000000a7480000)
 Metaspace       used 73355K, capacity 76544K, committed 76888K, reserved 1116160K
  class space    used 9876K, capacity 10523K, committed 10624K, reserved 1048576K
Event: 26.058 GC heap after
Heap after GC invocations=22 (full 3):
 PSYoungGen      total 333824K, used 29085K [0x00000000e0000000, 0x00000000fa800000, 0x0000000100000000)
  eden space 301568K, 0% used [0x00000000e0000000,0x00000000e0000000,0x00000000f2680000)
  from space 32256K, 90% used [0x00000000f2680000,0x00000000f42e7560,0x00000000f4600000)
  to   space 36352K, 0% used [0x00000000f8480000,0x00000000f8480000,0x00000000fa800000)
 ParOldGen       total 119296K, used 81068K [0x00000000a0000000, 0x00000000a7480000, 0x00000000e0000000)
  object space 119296K, 67% used [0x00000000a0000000,0x00000000a4f2b170,0x00000000a7480000)
 Metaspace       used 73355K, capacity 76544K, committed 76888K, reserved 1116160K
  class space    used 9876K, capacity 10523K, committed 10624K, reserved 1048576K
}
Event: 27.486 GC heap before
{Heap before GC invocations=23 (full 3):
 PSYoungGen      total 333824K, used 330653K [0x00000000e0000000, 0x00000000fa800000, 0x0000000100000000)
  eden space 301568K, 100% used [0x00000000e0000000,0x00000000f2680000,0x00000000f2680000)
  from space 32256K, 90% used [0x00000000f2680000,0x00000000f42e7560,0x00000000f4600000)
  to   space 36352K, 0% used [0x00000000f8480000,0x00000000f8480000,0x00000000fa800000)
 ParOldGen       total 119296K, used 81068K [0x00000000a0000000, 0x00000000a7480000, 0x00000000e0000000)
  object space 119296K, 67% used [0x00000000a0000000,0x00000000a4f2b170,0x00000000a7480000)
 Metaspace       used 73463K, capacity 76616K, committed 76888K, reserved 1116160K
  class space    used 9876K, capacity 10523K, committed 10624K, reserved 1048576K
Event: 27.576 GC heap after
Heap after GC invocations=23 (full 3):
 PSYoungGen      total 394752K, used 28992K [0x00000000e0000000, 0x00000000fb480000, 0x0000000100000000)
  eden space 358400K, 0% used [0x00000000e0000000,0x00000000e0000000,0x00000000f5e00000)
  from space 36352K, 79% used [0x00000000f8480000,0x00000000fa0d03c0,0x00000000fa800000)
  to   space 39424K, 0% used [0x00000000f5e00000,0x00000000f5e00000,0x00000000f8480000)
 ParOldGen       total 119296K, used 86196K [0x00000000a0000000, 0x00000000a7480000, 0x00000000e0000000)
  object space 119296K, 72% used [0x00000000a0000000,0x00000000a542d1d0,0x00000000a7480000)
 Metaspace       used 73463K, capacity 76616K, committed 76888K, reserved 1116160K
  class space    used 9876K, capacity 10523K, committed 10624K, reserved 1048576K
}

